{"/Users/nirkaufman/Desktop/cypress-todos-start/src/index.js": {"path":"/Users/nirkaufman/Desktop/cypress-todos-start/src/index.js","statementMap":{"0":{"start":{"line":1,"column":0},"end":{"line":null,"column":-1}},"1":{"start":{"line":2,"column":0},"end":{"line":null,"column":-1}},"2":{"start":{"line":3,"column":0},"end":{"line":null,"column":-1}},"3":{"start":{"line":4,"column":0},"end":{"line":null,"column":-1}},"4":{"start":{"line":5,"column":0},"end":{"line":null,"column":-1}},"5":{"start":{"line":6,"column":0},"end":{"line":null,"column":-1}},"6":{"start":{"line":7,"column":0},"end":{"line":null,"column":-1}},"7":{"start":{"line":8,"column":0},"end":{"line":null,"column":-1}},"8":{"start":{"line":9,"column":0},"end":{"line":null,"column":-1}},"9":{"start":{"line":11,"column":23},"end":{"line":11,"column":0}},"10":{"start":{"line":12,"column":14},"end":{"line":12,"column":0}},"11":{"start":{"line":13,"column":0},"end":{"line":null,"column":-1}},"12":{"start":{"line":15,"column":0},"end":{"line":null,"column":-1}}},"fnMap":{},"branchMap":{},"s":{"0":0,"1":0,"2":0,"3":0,"4":0,"5":0,"6":0,"7":0,"8":0,"9":0,"10":0,"11":0,"12":0},"f":{},"b":{}}
,"/Users/nirkaufman/Desktop/cypress-todos-start/src/actions/index.js": {"path":"/Users/nirkaufman/Desktop/cypress-todos-start/src/actions/index.js","statementMap":{"0":{"start":{"line":3,"column":23},"end":{"line":3,"column":63}},"1":{"start":{"line":3,"column":32},"end":{"line":3,"column":62}},"2":{"start":{"line":4,"column":26},"end":{"line":4,"column":65}},"3":{"start":{"line":4,"column":33},"end":{"line":4,"column":64}},"4":{"start":{"line":5,"column":32},"end":{"line":5,"column":74}},"5":{"start":{"line":5,"column":39},"end":{"line":5,"column":73}},"6":{"start":{"line":6,"column":30},"end":{"line":6,"column":69}},"7":{"start":{"line":6,"column":37},"end":{"line":6,"column":68}},"8":{"start":{"line":7,"column":35},"end":{"line":7,"column":91}},"9":{"start":{"line":7,"column":46},"end":{"line":7,"column":90}},"10":{"start":{"line":8,"column":24},"end":{"line":8,"column":74}},"11":{"start":{"line":8,"column":39},"end":{"line":8,"column":73}}},"fnMap":{"0":{"name":"(anonymous_0)","decl":{"start":{"line":3,"column":23},"end":{"line":3,"column":24}},"loc":{"start":{"line":3,"column":32},"end":{"line":3,"column":62}},"line":3},"1":{"name":"(anonymous_1)","decl":{"start":{"line":4,"column":26},"end":{"line":4,"column":27}},"loc":{"start":{"line":4,"column":33},"end":{"line":4,"column":64}},"line":4},"2":{"name":"(anonymous_2)","decl":{"start":{"line":5,"column":32},"end":{"line":5,"column":33}},"loc":{"start":{"line":5,"column":39},"end":{"line":5,"column":73}},"line":5},"3":{"name":"(anonymous_3)","decl":{"start":{"line":6,"column":30},"end":{"line":6,"column":31}},"loc":{"start":{"line":6,"column":37},"end":{"line":6,"column":68}},"line":6},"4":{"name":"(anonymous_4)","decl":{"start":{"line":7,"column":35},"end":{"line":7,"column":36}},"loc":{"start":{"line":7,"column":46},"end":{"line":7,"column":90}},"line":7},"5":{"name":"(anonymous_5)","decl":{"start":{"line":8,"column":24},"end":{"line":8,"column":25}},"loc":{"start":{"line":8,"column":39},"end":{"line":8,"column":73}},"line":8}},"branchMap":{},"s":{"0":1,"1":1,"2":1,"3":1,"4":1,"5":1,"6":1,"7":1,"8":1,"9":0,"10":1,"11":1},"f":{"0":1,"1":1,"2":1,"3":1,"4":0,"5":1},"b":{},"_coverageSchema":"332fd63041d2c1bcb487cc26dd0d5f7d97098a6c","hash":"a90412247b494e2dd8674a56eea7a102bb39023c"}
,"/Users/nirkaufman/Desktop/cypress-todos-start/src/components/App.js": {"path":"/Users/nirkaufman/Desktop/cypress-todos-start/src/components/App.js","statementMap":{"0":{"start":{"line":1,"column":0},"end":{"line":null,"column":-1}},"1":{"start":{"line":2,"column":0},"end":{"line":null,"column":-1}},"2":{"start":{"line":3,"column":0},"end":{"line":null,"column":-1}},"3":{"start":{"line":7,"column":4},"end":{"line":null,"column":-1}},"4":{"start":{"line":11,"column":4},"end":{"line":null,"column":-1}}},"fnMap":{"0":{"name":"(anonymous_0)","decl":{"start":{"line":6,"column":2},"end":{"line":6,"column":18}},"loc":{"start":{"line":6,"column":22},"end":{"line":8,"column":3}}},"1":{"name":"(anonymous_1)","decl":{"start":{"line":10,"column":2},"end":{"line":10,"column":7}},"loc":{"start":{"line":10,"column":11},"end":{"line":17,"column":3}}}},"branchMap":{},"s":{"0":0,"1":0,"2":0,"3":0,"4":0},"f":{"0":0,"1":0},"b":{}}
,"/Users/nirkaufman/Desktop/cypress-todos-start/src/components/Footer.js": {"path":"/Users/nirkaufman/Desktop/cypress-todos-start/src/components/Footer.js","statementMap":{"0":{"start":{"line":1,"column":0},"end":{"line":null,"column":-1}},"1":{"start":{"line":2,"column":0},"end":{"line":null,"column":-1}},"2":{"start":{"line":3,"column":0},"end":{"line":null,"column":-1}},"3":{"start":{"line":4,"column":0},"end":{"line":null,"column":-1}},"4":{"start":{"line":6,"column":22},"end":{"line":6,"column":0}},"5":{"start":{"line":12,"column":16},"end":{"line":12,"column":0}},"6":{"start":{"line":13,"column":60},"end":{"line":12,"column":26}},"7":{"start":{"line":14,"column":19},"end":{"line":14,"column":2}},"8":{"start":{"line":15,"column":2},"end":{"line":null,"column":-1}},"9":{"start":{"line":22,"column":10},"end":{"line":21,"column":9}},"10":{"start":{"line":41,"column":0},"end":{"line":null,"column":-1}}},"fnMap":{"0":{"name":"(anonymous_0)","decl":{"start":{"line":12,"column":16},"end":{"line":12,"column":14}},"loc":{"start":{"line":12,"column":26},"end":{"line":12,"column":0}}},"1":{"name":"(anonymous_1)","decl":{"start":{"line":21,"column":40},"end":{"line":21,"column":45}},"loc":{"start":{"line":22,"column":10},"end":{"line":21,"column":9}}}},"branchMap":{"0":{"loc":{"start":{"line":14,"column":39},"end":{"line":14,"column":19}},"type":"cond-expr","locations":[{"start":{"line":14,"column":39},"end":{"line":14,"column":19}},{"start":{"line":14,"column":48},"end":{"line":14,"column":2}}]},"1":{"loc":{"start":{"line":18,"column":17},"end":{"line":18,"column":28}},"type":"binary-expr","locations":[{"start":{"line":18,"column":17},"end":{"line":18,"column":28}},{"start":{"line":18,"column":32},"end":{"line":18,"column":8}}]},"2":{"loc":{"start":{"line":30,"column":8},"end":{"line":30,"column":7}},"type":"binary-expr","locations":[{"start":{"line":30,"column":8},"end":{"line":30,"column":7}},{"start":{"line":31,"column":8},"end":{"line":16,"column":4}}]}},"s":{"0":0,"1":0,"2":0,"3":0,"4":0,"5":0,"6":0,"7":0,"8":0,"9":0,"10":0},"f":{"0":0,"1":0},"b":{"0":[0,0],"1":[0,0],"2":[0,0]}}
,"/Users/nirkaufman/Desktop/cypress-todos-start/src/components/Header.js": {"path":"/Users/nirkaufman/Desktop/cypress-todos-start/src/components/Header.js","statementMap":{"0":{"start":{"line":1,"column":0},"end":{"line":null,"column":-1}},"1":{"start":{"line":2,"column":0},"end":{"line":null,"column":-1}},"2":{"start":{"line":3,"column":0},"end":{"line":null,"column":-1}},"3":{"start":{"line":5,"column":15},"end":{"line":5,"column":0}},"4":{"start":{"line":6,"column":2},"end":{"line":5,"column":0}},"5":{"start":{"line":11,"column":8},"end":{"line":13,"column":9}},"6":{"start":{"line":12,"column":10},"end":{"line":null,"column":-1}},"7":{"start":{"line":20,"column":0},"end":{"line":null,"column":-1}}},"fnMap":{"0":{"name":"(anonymous_0)","decl":{"start":{"line":5,"column":15},"end":{"line":5,"column":16}},"loc":{"start":{"line":6,"column":2},"end":{"line":5,"column":0}}},"1":{"name":"(anonymous_1)","decl":{"start":{"line":10,"column":15},"end":{"line":10,"column":13}},"loc":{"start":{"line":10,"column":24},"end":{"line":8,"column":4}}}},"branchMap":{"0":{"loc":{"start":{"line":11,"column":8},"end":{"line":13,"column":9}},"type":"if","locations":[{"start":{"line":11,"column":8},"end":{"line":13,"column":9}},{"start":{"line":11,"column":8},"end":{"line":13,"column":9}}]}},"s":{"0":0,"1":0,"2":0,"3":0,"4":0,"5":0,"6":0,"7":0},"f":{"0":0,"1":0},"b":{"0":[0,0]}}
,"/Users/nirkaufman/Desktop/cypress-todos-start/src/components/Link.js": {"path":"/Users/nirkaufman/Desktop/cypress-todos-start/src/components/Link.js","statementMap":{"0":{"start":{"line":1,"column":0},"end":{"line":null,"column":-1}},"1":{"start":{"line":2,"column":0},"end":{"line":null,"column":-1}},"2":{"start":{"line":3,"column":0},"end":{"line":null,"column":-1}},"3":{"start":{"line":5,"column":13},"end":{"line":5,"column":0}},"4":{"start":{"line":8,"column":4},"end":{"line":5,"column":0}},"5":{"start":{"line":11,"column":21},"end":{"line":8,"column":4}},"6":{"start":{"line":18,"column":0},"end":{"line":null,"column":-1}}},"fnMap":{"0":{"name":"(anonymous_0)","decl":{"start":{"line":5,"column":13},"end":{"line":5,"column":14}},"loc":{"start":{"line":8,"column":4},"end":{"line":5,"column":0}}},"1":{"name":"(anonymous_1)","decl":{"start":{"line":11,"column":15},"end":{"line":11,"column":20}},"loc":{"start":{"line":11,"column":21},"end":{"line":8,"column":4}}}},"branchMap":{},"s":{"0":0,"1":0,"2":0,"3":0,"4":0,"5":0,"6":0},"f":{"0":0,"1":0},"b":{}}
,"/Users/nirkaufman/Desktop/cypress-todos-start/src/components/MainSection.js": {"path":"/Users/nirkaufman/Desktop/cypress-todos-start/src/components/MainSection.js","statementMap":{"0":{"start":{"line":1,"column":0},"end":{"line":null,"column":-1}},"1":{"start":{"line":2,"column":0},"end":{"line":null,"column":-1}},"2":{"start":{"line":3,"column":0},"end":{"line":null,"column":-1}},"3":{"start":{"line":4,"column":0},"end":{"line":null,"column":-1}},"4":{"start":{"line":6,"column":20},"end":{"line":6,"column":0}},"5":{"start":{"line":8,"column":4},"end":{"line":6,"column":0}},"6":{"start":{"line":33,"column":0},"end":{"line":null,"column":-1}}},"fnMap":{"0":{"name":"(anonymous_0)","decl":{"start":{"line":6,"column":20},"end":{"line":6,"column":21}},"loc":{"start":{"line":8,"column":4},"end":{"line":6,"column":0}}}},"branchMap":{"0":{"loc":{"start":{"line":10,"column":8},"end":{"line":10,"column":7}},"type":"binary-expr","locations":[{"start":{"line":10,"column":8},"end":{"line":10,"column":7}},{"start":{"line":11,"column":8},"end":{"line":8,"column":4}}]},"1":{"loc":{"start":{"line":23,"column":8},"end":{"line":23,"column":7}},"type":"binary-expr","locations":[{"start":{"line":23,"column":8},"end":{"line":23,"column":7}},{"start":{"line":24,"column":8},"end":{"line":8,"column":4}}]}},"s":{"0":0,"1":0,"2":0,"3":0,"4":0,"5":0,"6":0},"f":{"0":0},"b":{"0":[0,0],"1":[0,0]}}
,"/Users/nirkaufman/Desktop/cypress-todos-start/src/components/TodoItem.js": {"path":"/Users/nirkaufman/Desktop/cypress-todos-start/src/components/TodoItem.js","statementMap":{"0":{"start":{"line":1,"column":0},"end":{"line":null,"column":-1}},"1":{"start":{"line":2,"column":0},"end":{"line":null,"column":-1}},"2":{"start":{"line":3,"column":0},"end":{"line":null,"column":-1}},"3":{"start":{"line":4,"column":0},"end":{"line":null,"column":-1}},"4":{"start":{"line":6,"column":48},"end":{"line":null,"column":-1}},"5":{"start":{"line":18,"column":4},"end":{"line":null,"column":-1}},"6":{"start":{"line":22,"column":4},"end":{"line":26,"column":5}},"7":{"start":{"line":23,"column":6},"end":{"line":null,"column":-1}},"8":{"start":{"line":25,"column":6},"end":{"line":null,"column":-1}},"9":{"start":{"line":27,"column":4},"end":{"line":null,"column":-1}},"10":{"start":{"line":31,"column":43},"end":{"line":30,"column":11}},"11":{"start":{"line":30,"column":11},"end":{"line":30,"column":10}},"12":{"start":{"line":34,"column":4},"end":{"line":57,"column":5}},"13":{"start":{"line":35,"column":6},"end":{"line":null,"column":-1}},"14":{"start":{"line":38,"column":41},"end":{"line":36,"column":8}},"15":{"start":{"line":41,"column":6},"end":{"line":null,"column":-1}},"16":{"start":{"line":47,"column":19},"end":{"line":null,"column":-1}},"17":{"start":{"line":54,"column":33},"end":{"line":53,"column":10}},"18":{"start":{"line":59,"column":4},"end":{"line":null,"column":-1}}},"fnMap":{"0":{"name":"(anonymous_0)","decl":{"start":{"line":6,"column":48},"end":{"line":null,"column":-1}},"loc":{"start":{"line":6,"column":48},"end":{"line":null,"column":-1}}},"1":{"name":"(anonymous_1)","decl":{"start":{"line":17,"column":22},"end":{"line":17,"column":27}},"loc":{"start":{"line":17,"column":28},"end":{"line":6,"column":48}}},"2":{"name":"(anonymous_2)","decl":{"start":{"line":21,"column":15},"end":{"line":21,"column":16}},"loc":{"start":{"line":21,"column":31},"end":{"line":6,"column":48}}},"3":{"name":"(anonymous_3)","decl":{"start":{"line":30,"column":2},"end":{"line":30,"column":7}},"loc":{"start":{"line":30,"column":11},"end":{"line":67,"column":3}}},"4":{"name":"(anonymous_4)","decl":{"start":{"line":38,"column":32},"end":{"line":38,"column":30}},"loc":{"start":{"line":38,"column":41},"end":{"line":36,"column":8}}},"5":{"name":"(anonymous_5)","decl":{"start":{"line":46,"column":27},"end":{"line":46,"column":32}},"loc":{"start":{"line":46,"column":33},"end":{"line":43,"column":10}}},"6":{"name":"(anonymous_6)","decl":{"start":{"line":54,"column":27},"end":{"line":54,"column":32}},"loc":{"start":{"line":54,"column":33},"end":{"line":53,"column":10}}}},"branchMap":{"0":{"loc":{"start":{"line":22,"column":4},"end":{"line":26,"column":5}},"type":"if","locations":[{"start":{"line":22,"column":4},"end":{"line":26,"column":5}},{"start":{"line":22,"column":4},"end":{"line":26,"column":5}}]},"1":{"loc":{"start":{"line":34,"column":4},"end":{"line":57,"column":5}},"type":"if","locations":[{"start":{"line":34,"column":4},"end":{"line":57,"column":5}},{"start":{"line":34,"column":4},"end":{"line":57,"column":5}}]}},"s":{"0":0,"1":0,"2":0,"3":0,"4":0,"5":0,"6":0,"7":0,"8":0,"9":0,"10":0,"11":0,"12":0,"13":0,"14":0,"15":0,"16":0,"17":0,"18":0},"f":{"0":0,"1":0,"2":0,"3":0,"4":0,"5":0,"6":0},"b":{"0":[0,0],"1":[0,0]}}
,"/Users/nirkaufman/Desktop/cypress-todos-start/src/components/TodoList.js": {"path":"/Users/nirkaufman/Desktop/cypress-todos-start/src/components/TodoList.js","statementMap":{"0":{"start":{"line":1,"column":0},"end":{"line":null,"column":-1}},"1":{"start":{"line":2,"column":0},"end":{"line":null,"column":-1}},"2":{"start":{"line":3,"column":0},"end":{"line":null,"column":-1}},"3":{"start":{"line":5,"column":17},"end":{"line":5,"column":0}},"4":{"start":{"line":6,"column":2},"end":{"line":5,"column":0}},"5":{"start":{"line":8,"column":6},"end":{"line":7,"column":5}},"6":{"start":{"line":13,"column":0},"end":{"line":null,"column":-1}}},"fnMap":{"0":{"name":"(anonymous_0)","decl":{"start":{"line":5,"column":17},"end":{"line":5,"column":18}},"loc":{"start":{"line":6,"column":2},"end":{"line":5,"column":0}}},"1":{"name":"(anonymous_1)","decl":{"start":{"line":7,"column":23},"end":{"line":7,"column":26}},"loc":{"start":{"line":8,"column":6},"end":{"line":7,"column":5}}}},"branchMap":{},"s":{"0":0,"1":0,"2":0,"3":0,"4":0,"5":0,"6":0},"f":{"0":0,"1":0},"b":{}}
,"/Users/nirkaufman/Desktop/cypress-todos-start/src/components/TodoTextInput.js": {"path":"/Users/nirkaufman/Desktop/cypress-todos-start/src/components/TodoTextInput.js","statementMap":{"0":{"start":{"line":1,"column":0},"end":{"line":null,"column":-1}},"1":{"start":{"line":2,"column":0},"end":{"line":null,"column":-1}},"2":{"start":{"line":3,"column":0},"end":{"line":null,"column":-1}},"3":{"start":{"line":5,"column":53},"end":{"line":null,"column":-1}},"4":{"start":{"line":19,"column":17},"end":{"line":19,"column":4}},"5":{"start":{"line":20,"column":4},"end":{"line":25,"column":5}},"6":{"start":{"line":21,"column":6},"end":{"line":null,"column":-1}},"7":{"start":{"line":22,"column":6},"end":{"line":24,"column":7}},"8":{"start":{"line":23,"column":8},"end":{"line":null,"column":-1}},"9":{"start":{"line":29,"column":4},"end":{"line":null,"column":-1}},"10":{"start":{"line":33,"column":4},"end":{"line":35,"column":5}},"11":{"start":{"line":34,"column":6},"end":{"line":null,"column":-1}},"12":{"start":{"line":39,"column":4},"end":{"line":null,"column":-1}}},"fnMap":{"0":{"name":"(anonymous_0)","decl":{"start":{"line":5,"column":53},"end":{"line":null,"column":-1}},"loc":{"start":{"line":5,"column":53},"end":{"line":null,"column":-1}}},"1":{"name":"(anonymous_1)","decl":{"start":{"line":18,"column":17},"end":{"line":18,"column":18}},"loc":{"start":{"line":18,"column":22},"end":{"line":5,"column":53}}},"2":{"name":"(anonymous_2)","decl":{"start":{"line":28,"column":17},"end":{"line":28,"column":18}},"loc":{"start":{"line":28,"column":22},"end":{"line":5,"column":53}}},"3":{"name":"(anonymous_3)","decl":{"start":{"line":32,"column":15},"end":{"line":32,"column":16}},"loc":{"start":{"line":32,"column":20},"end":{"line":5,"column":53}}},"4":{"name":"(anonymous_4)","decl":{"start":{"line":38,"column":2},"end":{"line":38,"column":7}},"loc":{"start":{"line":38,"column":11},"end":{"line":53,"column":3}}}},"branchMap":{"0":{"loc":{"start":{"line":15,"column":10},"end":{"line":15,"column":9}},"type":"binary-expr","locations":[{"start":{"line":15,"column":10},"end":{"line":15,"column":9}},{"start":{"line":15,"column":29},"end":{"line":null,"column":-1}}]},"1":{"loc":{"start":{"line":20,"column":4},"end":{"line":25,"column":5}},"type":"if","locations":[{"start":{"line":20,"column":4},"end":{"line":25,"column":5}},{"start":{"line":20,"column":4},"end":{"line":25,"column":5}}]},"2":{"loc":{"start":{"line":22,"column":6},"end":{"line":24,"column":7}},"type":"if","locations":[{"start":{"line":22,"column":6},"end":{"line":24,"column":7}},{"start":{"line":22,"column":6},"end":{"line":24,"column":7}}]},"3":{"loc":{"start":{"line":33,"column":4},"end":{"line":35,"column":5}},"type":"if","locations":[{"start":{"line":33,"column":4},"end":{"line":35,"column":5}},{"start":{"line":33,"column":4},"end":{"line":35,"column":5}}]}},"s":{"0":0,"1":0,"2":0,"3":0,"4":0,"5":0,"6":0,"7":0,"8":0,"9":0,"10":0,"11":0,"12":0},"f":{"0":0,"1":0,"2":0,"3":0,"4":0},"b":{"0":[0,0],"1":[0,0],"2":[0,0],"3":[0,0]}}
,"/Users/nirkaufman/Desktop/cypress-todos-start/src/constants/ActionTypes.js": {"path":"/Users/nirkaufman/Desktop/cypress-todos-start/src/constants/ActionTypes.js","statementMap":{"0":{"start":{"line":1,"column":27},"end":{"line":1,"column":40}},"1":{"start":{"line":2,"column":28},"end":{"line":2,"column":42}},"2":{"start":{"line":3,"column":24},"end":{"line":3,"column":34}},"3":{"start":{"line":4,"column":27},"end":{"line":4,"column":40}},"4":{"start":{"line":5,"column":34},"end":{"line":5,"column":54}},"5":{"start":{"line":6,"column":31},"end":{"line":6,"column":48}},"6":{"start":{"line":7,"column":31},"end":{"line":7,"column":48}},"7":{"start":{"line":8,"column":37},"end":{"line":8,"column":60}},"8":{"start":{"line":9,"column":37},"end":{"line":9,"column":60}},"9":{"start":{"line":10,"column":25},"end":{"line":10,"column":36}}},"fnMap":{},"branchMap":{},"s":{"0":2,"1":2,"2":2,"3":2,"4":2,"5":2,"6":2,"7":2,"8":2,"9":2},"f":{},"b":{},"_coverageSchema":"332fd63041d2c1bcb487cc26dd0d5f7d97098a6c","hash":"8d169816c800f82a31285a8f56d81ed822a42afc"}
,"/Users/nirkaufman/Desktop/cypress-todos-start/src/constants/TodoFilters.js": {"path":"/Users/nirkaufman/Desktop/cypress-todos-start/src/constants/TodoFilters.js","statementMap":{"0":{"start":{"line":1,"column":24},"end":{"line":1,"column":7}},"1":{"start":{"line":2,"column":30},"end":{"line":2,"column":7}},"2":{"start":{"line":3,"column":27},"end":{"line":3,"column":7}}},"fnMap":{},"branchMap":{},"s":{"0":0,"1":0,"2":0},"f":{},"b":{}}
,"/Users/nirkaufman/Desktop/cypress-todos-start/src/containers/FilterLink.js": {"path":"/Users/nirkaufman/Desktop/cypress-todos-start/src/containers/FilterLink.js","statementMap":{"0":{"start":{"line":1,"column":0},"end":{"line":null,"column":-1}},"1":{"start":{"line":2,"column":0},"end":{"line":null,"column":-1}},"2":{"start":{"line":3,"column":0},"end":{"line":null,"column":-1}},"3":{"start":{"line":5,"column":24},"end":{"line":5,"column":0}},"4":{"start":{"line":5,"column":46},"end":{"line":5,"column":24}},"5":{"start":{"line":9,"column":27},"end":{"line":9,"column":0}},"6":{"start":{"line":9,"column":52},"end":{"line":9,"column":27}},"7":{"start":{"line":11,"column":4},"end":{"line":null,"column":-1}}},"fnMap":{"0":{"name":"(anonymous_0)","decl":{"start":{"line":5,"column":24},"end":{"line":5,"column":25}},"loc":{"start":{"line":5,"column":46},"end":{"line":5,"column":24}}},"1":{"name":"(anonymous_1)","decl":{"start":{"line":9,"column":27},"end":{"line":9,"column":28}},"loc":{"start":{"line":9,"column":52},"end":{"line":9,"column":27}}},"2":{"name":"(anonymous_2)","decl":{"start":{"line":10,"column":13},"end":{"line":10,"column":18}},"loc":{"start":{"line":10,"column":19},"end":{"line":12,"column":3}}}},"branchMap":{},"s":{"0":0,"1":0,"2":0,"3":0,"4":0,"5":0,"6":0,"7":0},"f":{"0":0,"1":0,"2":0},"b":{}}
,"/Users/nirkaufman/Desktop/cypress-todos-start/src/containers/Header.js": {"path":"/Users/nirkaufman/Desktop/cypress-todos-start/src/containers/Header.js","statementMap":{"0":{"start":{"line":1,"column":0},"end":{"line":null,"column":-1}},"1":{"start":{"line":2,"column":0},"end":{"line":null,"column":-1}},"2":{"start":{"line":3,"column":0},"end":{"line":null,"column":-1}}},"fnMap":{},"branchMap":{},"s":{"0":0,"1":0,"2":0},"f":{},"b":{}}
,"/Users/nirkaufman/Desktop/cypress-todos-start/src/containers/MainSection.js": {"path":"/Users/nirkaufman/Desktop/cypress-todos-start/src/containers/MainSection.js","statementMap":{"0":{"start":{"line":1,"column":0},"end":{"line":null,"column":-1}},"1":{"start":{"line":2,"column":0},"end":{"line":null,"column":-1}},"2":{"start":{"line":3,"column":0},"end":{"line":null,"column":-1}},"3":{"start":{"line":4,"column":0},"end":{"line":null,"column":-1}},"4":{"start":{"line":5,"column":0},"end":{"line":null,"column":-1}},"5":{"start":{"line":8,"column":24},"end":{"line":8,"column":0}},"6":{"start":{"line":8,"column":34},"end":{"line":8,"column":29}},"7":{"start":{"line":13,"column":27},"end":{"line":13,"column":0}},"8":{"start":{"line":13,"column":40},"end":{"line":13,"column":35}}},"fnMap":{"0":{"name":"(anonymous_0)","decl":{"start":{"line":8,"column":24},"end":{"line":8,"column":28}},"loc":{"start":{"line":8,"column":34},"end":{"line":8,"column":29}}},"1":{"name":"(anonymous_1)","decl":{"start":{"line":13,"column":27},"end":{"line":13,"column":34}},"loc":{"start":{"line":13,"column":40},"end":{"line":13,"column":35}}}},"branchMap":{},"s":{"0":0,"1":0,"2":0,"3":0,"4":0,"5":0,"6":0,"7":0,"8":0},"f":{"0":0,"1":0},"b":{}}
,"/Users/nirkaufman/Desktop/cypress-todos-start/src/containers/VisibleTodoList.js": {"path":"/Users/nirkaufman/Desktop/cypress-todos-start/src/containers/VisibleTodoList.js","statementMap":{"0":{"start":{"line":1,"column":0},"end":{"line":null,"column":-1}},"1":{"start":{"line":2,"column":0},"end":{"line":null,"column":-1}},"2":{"start":{"line":3,"column":0},"end":{"line":null,"column":-1}},"3":{"start":{"line":4,"column":0},"end":{"line":null,"column":-1}},"4":{"start":{"line":5,"column":0},"end":{"line":null,"column":-1}},"5":{"start":{"line":7,"column":24},"end":{"line":7,"column":0}},"6":{"start":{"line":7,"column":34},"end":{"line":7,"column":29}},"7":{"start":{"line":11,"column":27},"end":{"line":11,"column":0}},"8":{"start":{"line":11,"column":40},"end":{"line":11,"column":35}},"9":{"start":{"line":16,"column":24},"end":{"line":16,"column":0}}},"fnMap":{"0":{"name":"(anonymous_0)","decl":{"start":{"line":7,"column":24},"end":{"line":7,"column":28}},"loc":{"start":{"line":7,"column":34},"end":{"line":7,"column":29}}},"1":{"name":"(anonymous_1)","decl":{"start":{"line":11,"column":27},"end":{"line":11,"column":34}},"loc":{"start":{"line":11,"column":40},"end":{"line":11,"column":35}}}},"branchMap":{},"s":{"0":0,"1":0,"2":0,"3":0,"4":0,"5":0,"6":0,"7":0,"8":0,"9":0},"f":{"0":0,"1":0},"b":{}}
,"/Users/nirkaufman/Desktop/cypress-todos-start/src/reducers/index.js": {"path":"/Users/nirkaufman/Desktop/cypress-todos-start/src/reducers/index.js","statementMap":{"0":{"start":{"line":1,"column":0},"end":{"line":null,"column":-1}},"1":{"start":{"line":2,"column":0},"end":{"line":null,"column":-1}},"2":{"start":{"line":3,"column":0},"end":{"line":null,"column":-1}},"3":{"start":{"line":5,"column":20},"end":{"line":5,"column":0}}},"fnMap":{},"branchMap":{},"s":{"0":0,"1":0,"2":0,"3":0},"f":{},"b":{}}
,"/Users/nirkaufman/Desktop/cypress-todos-start/src/reducers/todos.js": {"path":"/Users/nirkaufman/Desktop/cypress-todos-start/src/reducers/todos.js","statementMap":{"0":{"start":{"line":10,"column":21},"end":{"line":10,"column":24}},"1":{"start":{"line":13,"column":2},"end":{"line":47,"column":3}},"2":{"start":{"line":15,"column":6},"end":{"line":15,"column":26}},"3":{"start":{"line":18,"column":6},"end":{"line":25,"column":7}},"4":{"start":{"line":21,"column":44},"end":{"line":21,"column":68}},"5":{"start":{"line":28,"column":6},"end":{"line":30,"column":7}},"6":{"start":{"line":29,"column":8},"end":{"line":29,"column":29}},"7":{"start":{"line":33,"column":6},"end":{"line":37,"column":7}},"8":{"start":{"line":34,"column":8},"end":{"line":36,"column":14}},"9":{"start":{"line":40,"column":6},"end":{"line":40,"column":25}},"10":{"start":{"line":43,"column":6},"end":{"line":43,"column":59}},"11":{"start":{"line":43,"column":34},"end":{"line":43,"column":58}},"12":{"start":{"line":46,"column":6},"end":{"line":46,"column":18}}},"fnMap":{"0":{"name":"todos","decl":{"start":{"line":12,"column":24},"end":{"line":12,"column":29}},"loc":{"start":{"line":12,"column":60},"end":{"line":48,"column":1}},"line":12},"1":{"name":"(anonymous_1)","decl":{"start":{"line":21,"column":27},"end":{"line":21,"column":28}},"loc":{"start":{"line":21,"column":44},"end":{"line":21,"column":68}},"line":21},"2":{"name":"(anonymous_2)","decl":{"start":{"line":28,"column":26},"end":{"line":28,"column":27}},"loc":{"start":{"line":29,"column":8},"end":{"line":29,"column":29}},"line":29},"3":{"name":"(anonymous_3)","decl":{"start":{"line":33,"column":23},"end":{"line":33,"column":24}},"loc":{"start":{"line":34,"column":8},"end":{"line":36,"column":14}},"line":34},"4":{"name":"(anonymous_4)","decl":{"start":{"line":43,"column":26},"end":{"line":43,"column":27}},"loc":{"start":{"line":43,"column":34},"end":{"line":43,"column":58}},"line":43}},"branchMap":{"0":{"loc":{"start":{"line":12,"column":30},"end":{"line":12,"column":50}},"type":"default-arg","locations":[{"start":{"line":12,"column":38},"end":{"line":12,"column":50}}],"line":12},"1":{"loc":{"start":{"line":13,"column":2},"end":{"line":47,"column":3}},"type":"switch","locations":[{"start":{"line":14,"column":4},"end":{"line":15,"column":26}},{"start":{"line":17,"column":4},"end":{"line":25,"column":7}},{"start":{"line":27,"column":4},"end":{"line":30,"column":7}},{"start":{"line":32,"column":4},"end":{"line":37,"column":7}},{"start":{"line":39,"column":4},"end":{"line":40,"column":25}},{"start":{"line":42,"column":4},"end":{"line":43,"column":59}},{"start":{"line":45,"column":4},"end":{"line":46,"column":18}}],"line":13},"2":{"loc":{"start":{"line":34,"column":8},"end":{"line":36,"column":14}},"type":"cond-expr","locations":[{"start":{"line":35,"column":10},"end":{"line":35,"column":21}},{"start":{"line":36,"column":10},"end":{"line":36,"column":14}}],"line":34}},"s":{"0":1,"1":1,"2":0,"3":0,"4":0,"5":0,"6":0,"7":0,"8":0,"9":0,"10":0,"11":0,"12":1},"f":{"0":1,"1":0,"2":0,"3":0,"4":0},"b":{"0":[1],"1":[0,0,0,0,0,0,1],"2":[0,0]},"_coverageSchema":"332fd63041d2c1bcb487cc26dd0d5f7d97098a6c","hash":"9dfc13d38e1f9ca7b9ea4a67a1a4a62ce8338c58"}
,"/Users/nirkaufman/Desktop/cypress-todos-start/src/reducers/visibilityFilter.js": {"path":"/Users/nirkaufman/Desktop/cypress-todos-start/src/reducers/visibilityFilter.js","statementMap":{"0":{"start":{"line":1,"column":0},"end":{"line":null,"column":-1}},"1":{"start":{"line":2,"column":0},"end":{"line":null,"column":-1}},"2":{"start":{"line":4,"column":25},"end":{"line":4,"column":0}},"3":{"start":{"line":5,"column":2},"end":{"line":null,"column":-1}},"4":{"start":{"line":7,"column":6},"end":{"line":null,"column":-1}},"5":{"start":{"line":9,"column":6},"end":{"line":null,"column":-1}}},"fnMap":{"0":{"name":"(anonymous_0)","decl":{"start":{"line":4,"column":25},"end":{"line":4,"column":26}},"loc":{"start":{"line":4,"column":55},"end":{"line":4,"column":0}}}},"branchMap":{"0":{"loc":{"start":{"line":4,"column":34},"end":{"line":4,"column":25}},"type":"default-arg","locations":[{"start":{"line":4,"column":34},"end":{"line":4,"column":25}}]},"1":{"loc":{"start":{"line":6,"column":4},"end":{"line":7,"column":6}},"type":"switch","locations":[{"start":{"line":6,"column":4},"end":{"line":7,"column":6}},{"start":{"line":8,"column":4},"end":{"line":9,"column":6}}]}},"s":{"0":0,"1":0,"2":0,"3":0,"4":0,"5":0},"f":{"0":0},"b":{"0":[0],"1":[0,0]}}
,"/Users/nirkaufman/Desktop/cypress-todos-start/src/sagas/TodoSagas.js": {"path":"/Users/nirkaufman/Desktop/cypress-todos-start/src/sagas/TodoSagas.js","statementMap":{"0":{"start":{"line":1,"column":0},"end":{"line":null,"column":-1}},"1":{"start":{"line":2,"column":0},"end":{"line":null,"column":-1}},"2":{"start":{"line":5,"column":2},"end":{"line":null,"column":-1}},"3":{"start":{"line":9,"column":2},"end":{"line":null,"column":-1}},"4":{"start":{"line":13,"column":17},"end":{"line":13,"column":2}},"5":{"start":{"line":14,"column":14},"end":{"line":14,"column":2}},"6":{"start":{"line":16,"column":2},"end":{"line":null,"column":-1}},"7":{"start":{"line":20,"column":2},"end":{"line":null,"column":-1}},"8":{"start":{"line":24,"column":17},"end":{"line":24,"column":2}},"9":{"start":{"line":24,"column":39},"end":{"line":24,"column":23}},"10":{"start":{"line":24,"column":66},"end":{"line":24,"column":39}},"11":{"start":{"line":25,"column":2},"end":{"line":null,"column":-1}},"12":{"start":{"line":27,"column":2},"end":{"line":null,"column":-1}},"13":{"start":{"line":27,"column":84},"end":{"line":27,"column":66}},"14":{"start":{"line":31,"column":2},"end":{"line":null,"column":-1}},"15":{"start":{"line":35,"column":14},"end":{"line":35,"column":2}},"16":{"start":{"line":35,"column":36},"end":{"line":35,"column":20}},"17":{"start":{"line":36,"column":21},"end":{"line":36,"column":2}},"18":{"start":{"line":36,"column":41},"end":{"line":36,"column":21}},"19":{"start":{"line":37,"column":17},"end":{"line":37,"column":2}},"20":{"start":{"line":38,"column":4},"end":{"line":null,"column":-1}},"21":{"start":{"line":41,"column":2},"end":{"line":null,"column":-1}},"22":{"start":{"line":45,"column":2},"end":{"line":null,"column":-1}},"23":{"start":{"line":49,"column":2},"end":{"line":null,"column":-1}}},"fnMap":{"0":{"name":"getBaseUrl","decl":{"start":{"line":4,"column":9},"end":{"line":4,"column":0}},"loc":{"start":{"line":4,"column":22},"end":{"line":6,"column":1}}},"1":{"name":"createTodo","decl":{"start":{"line":8,"column":10},"end":{"line":8,"column":0}},"loc":{"start":{"line":8,"column":29},"end":{"line":10,"column":1}}},"2":{"name":"fetchTodos","decl":{"start":{"line":12,"column":17},"end":{"line":12,"column":7}},"loc":{"start":{"line":12,"column":30},"end":{"line":17,"column":1}}},"3":{"name":"destroyTodo","decl":{"start":{"line":19,"column":17},"end":{"line":19,"column":7}},"loc":{"start":{"line":19,"column":37},"end":{"line":21,"column":1}}},"4":{"name":"destroyAllTodos","decl":{"start":{"line":23,"column":17},"end":{"line":23,"column":7}},"loc":{"start":{"line":23,"column":35},"end":{"line":28,"column":1}}},"5":{"name":"(anonymous_5)","decl":{"start":{"line":24,"column":30},"end":{"line":24,"column":34}},"loc":{"start":{"line":24,"column":39},"end":{"line":24,"column":23}}},"6":{"name":"(anonymous_6)","decl":{"start":{"line":24,"column":58},"end":{"line":24,"column":61}},"loc":{"start":{"line":24,"column":66},"end":{"line":24,"column":39}}},"7":{"name":"(anonymous_7)","decl":{"start":{"line":27,"column":79},"end":{"line":27,"column":80}},"loc":{"start":{"line":27,"column":84},"end":{"line":27,"column":66}}},"8":{"name":"editTodo","decl":{"start":{"line":30,"column":17},"end":{"line":30,"column":7}},"loc":{"start":{"line":30,"column":34},"end":{"line":32,"column":1}}},"9":{"name":"completeAllTodos","decl":{"start":{"line":34,"column":17},"end":{"line":34,"column":7}},"loc":{"start":{"line":34,"column":36},"end":{"line":42,"column":1}}},"10":{"name":"(anonymous_10)","decl":{"start":{"line":35,"column":27},"end":{"line":35,"column":31}},"loc":{"start":{"line":35,"column":36},"end":{"line":35,"column":20}}},"11":{"name":"(anonymous_11)","decl":{"start":{"line":36,"column":33},"end":{"line":36,"column":36}},"loc":{"start":{"line":36,"column":41},"end":{"line":36,"column":21}}},"12":{"name":"(anonymous_12)","decl":{"start":{"line":37,"column":28},"end":{"line":37,"column":26}},"loc":{"start":{"line":37,"column":37},"end":{"line":37,"column":17}}},"13":{"name":"bulkEditTodos","decl":{"start":{"line":44,"column":17},"end":{"line":44,"column":7}},"loc":{"start":{"line":44,"column":39},"end":{"line":46,"column":1}}},"14":{"name":"rootSaga","decl":{"start":{"line":48,"column":17},"end":{"line":48,"column":7}},"loc":{"start":{"line":48,"column":28},"end":{"line":58,"column":1}}}},"branchMap":{},"s":{"0":0,"1":0,"2":0,"3":0,"4":0,"5":0,"6":0,"7":0,"8":0,"9":0,"10":0,"11":0,"12":0,"13":0,"14":0,"15":0,"16":0,"17":0,"18":0,"19":0,"20":0,"21":0,"22":0,"23":0},"f":{"0":0,"1":0,"2":0,"3":0,"4":0,"5":0,"6":0,"7":0,"8":0,"9":0,"10":0,"11":0,"12":0,"13":0,"14":0},"b":{}}
,"/Users/nirkaufman/Desktop/cypress-todos-start/src/selectors/index.js": {"path":"/Users/nirkaufman/Desktop/cypress-todos-start/src/selectors/index.js","statementMap":{"0":{"start":{"line":1,"column":0},"end":{"line":null,"column":-1}},"1":{"start":{"line":2,"column":0},"end":{"line":null,"column":-1}},"2":{"start":{"line":4,"column":28},"end":{"line":4,"column":0}},"3":{"start":{"line":4,"column":37},"end":{"line":4,"column":0}},"4":{"start":{"line":5,"column":17},"end":{"line":5,"column":0}},"5":{"start":{"line":5,"column":26},"end":{"line":5,"column":0}},"6":{"start":{"line":7,"column":31},"end":{"line":7,"column":7}},"7":{"start":{"line":10,"column":4},"end":{"line":null,"column":-1}},"8":{"start":{"line":12,"column":8},"end":{"line":null,"column":-1}},"9":{"start":{"line":14,"column":8},"end":{"line":null,"column":-1}},"10":{"start":{"line":14,"column":33},"end":{"line":14,"column":15}},"11":{"start":{"line":16,"column":8},"end":{"line":null,"column":-1}},"12":{"start":{"line":16,"column":33},"end":{"line":16,"column":15}},"13":{"start":{"line":18,"column":8},"end":{"line":null,"column":-1}},"14":{"start":{"line":23,"column":37},"end":{"line":23,"column":7}},"15":{"start":{"line":26,"column":4},"end":{"line":23,"column":37}},"16":{"start":{"line":27,"column":6},"end":{"line":26,"column":4}}},"fnMap":{"0":{"name":"(anonymous_0)","decl":{"start":{"line":4,"column":28},"end":{"line":4,"column":32}},"loc":{"start":{"line":4,"column":37},"end":{"line":4,"column":0}}},"1":{"name":"(anonymous_1)","decl":{"start":{"line":5,"column":17},"end":{"line":5,"column":21}},"loc":{"start":{"line":5,"column":26},"end":{"line":5,"column":0}}},"2":{"name":"(anonymous_2)","decl":{"start":{"line":9,"column":2},"end":{"line":9,"column":3}},"loc":{"start":{"line":9,"column":31},"end":{"line":7,"column":31}}},"3":{"name":"(anonymous_3)","decl":{"start":{"line":14,"column":28},"end":{"line":14,"column":29}},"loc":{"start":{"line":14,"column":33},"end":{"line":14,"column":15}}},"4":{"name":"(anonymous_4)","decl":{"start":{"line":16,"column":28},"end":{"line":16,"column":29}},"loc":{"start":{"line":16,"column":33},"end":{"line":16,"column":15}}},"5":{"name":"(anonymous_5)","decl":{"start":{"line":25,"column":2},"end":{"line":25,"column":6}},"loc":{"start":{"line":26,"column":4},"end":{"line":23,"column":37}}},"6":{"name":"(anonymous_6)","decl":{"start":{"line":26,"column":17},"end":{"line":26,"column":18}},"loc":{"start":{"line":27,"column":6},"end":{"line":26,"column":4}}}},"branchMap":{"0":{"loc":{"start":{"line":11,"column":6},"end":{"line":12,"column":8}},"type":"switch","locations":[{"start":{"line":11,"column":6},"end":{"line":12,"column":8}},{"start":{"line":13,"column":6},"end":{"line":14,"column":8}},{"start":{"line":15,"column":6},"end":{"line":16,"column":8}},{"start":{"line":17,"column":6},"end":{"line":18,"column":8}}]},"1":{"loc":{"start":{"line":27,"column":23},"end":{"line":27,"column":6}},"type":"cond-expr","locations":[{"start":{"line":27,"column":23},"end":{"line":27,"column":6}},{"start":{"line":27,"column":35},"end":{"line":26,"column":4}}]}},"s":{"0":0,"1":0,"2":0,"3":0,"4":0,"5":0,"6":0,"7":0,"8":0,"9":0,"10":0,"11":0,"12":0,"13":0,"14":0,"15":0,"16":0},"f":{"0":0,"1":0,"2":0,"3":0,"4":0,"5":0,"6":0},"b":{"0":[0,0,0,0],"1":[0,0]}}
}
